2026-07-11 02:46:45,747 [DEBUG] asyncio: Using selector: EpollSelector
2026-07-11 02:46:45,748 [INFO] __main__: Initializing GPU Price Tracker Orchestrator...
2026-07-11 02:46:45,749 [DEBUG] aiosqlite: executing <function connect.<locals>.connector at 0x782a48ba1300>
2026-07-11 02:46:45,752 [DEBUG] aiosqlite: operation <function connect.<locals>.connector at 0x782a48ba1300> completed
2026-07-11 02:46:45,753 [DEBUG] aiosqlite: executing functools.partial(<built-in method execute of sqlite3.Connection object at 0x782a48b25f30>, '\n                    CREATE TABLE IF NOT EXISTS prices (\n                        execution_id TEXT NOT NULL,\n                        store_name TEXT NOT NULL,\n                        search_keyword TEXT NOT NULL,\n                        product_title TEXT NOT NULL,\n                        product_url TEXT NOT NULL,\n                        price_cash DECIMAL(10, 2) NOT NULL,\n                        price_installments DECIMAL(10, 2),\n                        installment_count INTEGER,\n                        currency TEXT NOT NULL,\n                        parser_version TEXT NOT NULL,\n                        is_available BOOLEAN NOT NULL,\n                        brand TEXT,\n                        model TEXT,\n                        discount DECIMAL(10, 2),\n                        scraped_at TIMESTAMP NOT NULL\n                    )\n                ', [])
2026-07-11 02:46:45,757 [DEBUG] aiosqlite: operation functools.partial(<built-in method execute of sqlite3.Connection object at 0x782a48b25f30>, '\n                    CREATE TABLE IF NOT EXISTS prices (\n                        execution_id TEXT NOT NULL,\n                        store_name TEXT NOT NULL,\n                        search_keyword TEXT NOT NULL,\n                        product_title TEXT NOT NULL,\n                        product_url TEXT NOT NULL,\n                        price_cash DECIMAL(10, 2) NOT NULL,\n                        price_installments DECIMAL(10, 2),\n                        installment_count INTEGER,\n                        currency TEXT NOT NULL,\n                        parser_version TEXT NOT NULL,\n                        is_available BOOLEAN NOT NULL,\n                        brand TEXT,\n                        model TEXT,\n                        discount DECIMAL(10, 2),\n                        scraped_at TIMESTAMP NOT NULL\n                    )\n                ', []) completed
2026-07-11 02:46:45,758 [DEBUG] aiosqlite: executing functools.partial(<built-in method execute of sqlite3.Connection object at 0x782a48b25f30>, 'ALTER TABLE prices ADD COLUMN installment_count INTEGER', [])
2026-07-11 02:46:45,758 [DEBUG] aiosqlite: returning exception duplicate column name: installment_count
2026-07-11 02:46:45,759 [DEBUG] aiosqlite: executing functools.partial(<built-in method execute of sqlite3.Connection object at 0x782a48b25f30>, '\n                    CREATE TABLE IF NOT EXISTS target_urls (\n                        product_url TEXT PRIMARY KEY,\n                        store_name TEXT NOT NULL,\n                        search_keyword TEXT NOT NULL,\n                        brand TEXT,\n                        model TEXT,\n                        product_title TEXT NOT NULL\n                    )\n                ', [])
2026-07-11 02:46:45,761 [DEBUG] aiosqlite: operation functools.partial(<built-in method execute of sqlite3.Connection object at 0x782a48b25f30>, '\n                    CREATE TABLE IF NOT EXISTS target_urls (\n                        product_url TEXT PRIMARY KEY,\n                        store_name TEXT NOT NULL,\n                        search_keyword TEXT NOT NULL,\n                        brand TEXT,\n                        model TEXT,\n                        product_title TEXT NOT NULL\n                    )\n                ', []) completed
2026-07-11 02:46:45,762 [DEBUG] aiosqlite: executing functools.partial(<built-in method execute of sqlite3.Connection object at 0x782a48b25f30>, 'CREATE INDEX IF NOT EXISTS idx_search_keyword ON prices(search_keyword)', [])
2026-07-11 02:46:45,764 [DEBUG] aiosqlite: operation functools.partial(<built-in method execute of sqlite3.Connection object at 0x782a48b25f30>, 'CREATE INDEX IF NOT EXISTS idx_search_keyword ON prices(search_keyword)', []) completed
2026-07-11 02:46:45,765 [DEBUG] aiosqlite: executing functools.partial(<built-in method execute of sqlite3.Connection object at 0x782a48b25f30>, 'CREATE INDEX IF NOT EXISTS idx_store_name ON prices(store_name)', [])
2026-07-11 02:46:45,767 [DEBUG] aiosqlite: operation functools.partial(<built-in method execute of sqlite3.Connection object at 0x782a48b25f30>, 'CREATE INDEX IF NOT EXISTS idx_store_name ON prices(store_name)', []) completed
2026-07-11 02:46:45,768 [DEBUG] aiosqlite: executing functools.partial(<built-in method commit of sqlite3.Connection object at 0x782a48b25f30>)
2026-07-11 02:46:45,769 [DEBUG] aiosqlite: operation functools.partial(<built-in method commit of sqlite3.Connection object at 0x782a48b25f30>) completed
2026-07-11 02:46:45,769 [DEBUG] aiosqlite: executing functools.partial(<built-in method close of sqlite3.Connection object at 0x782a48b25f30>)
2026-07-11 02:46:45,771 [DEBUG] aiosqlite: operation functools.partial(<built-in method close of sqlite3.Connection object at 0x782a48b25f30>) completed
2026-07-11 02:46:45,772 [DEBUG] aiosqlite: executing <function Connection.stop.<locals>.close_and_stop at 0x782a48ba1620>
2026-07-11 02:46:45,773 [DEBUG] aiosqlite: operation <function Connection.stop.<locals>.close_and_stop at 0x782a48ba1620> completed
2026-07-11 02:46:45,773 [INFO] src.repositories.sqlite_repository: SQLite schema initialized successfully.
2026-07-11 02:46:45,775 [DEBUG] tzlocal: /etc/localtime found
2026-07-11 02:46:45,776 [DEBUG] tzlocal: 1 found:
 {'/etc/localtime is a symlink to': 'Etc/UTC'}
2026-07-11 02:46:45,777 [INFO] src.engine.scheduler: Registered scraper for store: kabum
2026-07-11 02:46:45,777 [INFO] src.engine.scheduler: Registered scraper for store: terabyte
2026-07-11 02:46:45,778 [INFO] src.engine.scheduler: Registered scraper for store: mercado-livre
2026-07-11 02:46:45,779 [INFO] src.engine.discovery: Registered spider for store: kabum
2026-07-11 02:46:45,780 [INFO] src.engine.discovery: Registered spider for store: terabyte
2026-07-11 02:46:45,783 [INFO] apscheduler.scheduler: Adding job tentatively -- it will be properly scheduled when the scheduler starts
2026-07-11 02:46:45,784 [INFO] src.engine.scheduler: Scheduled mercado-livre for 08:00
2026-07-11 02:46:45,785 [INFO] apscheduler.scheduler: Adding job tentatively -- it will be properly scheduled when the scheduler starts
2026-07-11 02:46:45,786 [INFO] src.engine.scheduler: Scheduled mercado-livre for 12:00
2026-07-11 02:46:45,787 [INFO] apscheduler.scheduler: Adding job tentatively -- it will be properly scheduled when the scheduler starts
2026-07-11 02:46:45,787 [INFO] src.engine.scheduler: Scheduled mercado-livre for 16:00
2026-07-11 02:46:45,788 [INFO] apscheduler.scheduler: Adding job tentatively -- it will be properly scheduled when the scheduler starts
2026-07-11 02:46:45,789 [INFO] src.engine.scheduler: Scheduled mercado-livre for 20:00
2026-07-11 02:46:45,789 [WARNING] src.engine.scheduler: No scraper registered for store: amazon. Skipping schedule.
2026-07-11 02:46:45,790 [INFO] apscheduler.scheduler: Adding job tentatively -- it will be properly scheduled when the scheduler starts
2026-07-11 02:46:45,791 [INFO] src.engine.scheduler: Scheduled kabum for 08:00
2026-07-11 02:46:45,792 [INFO] apscheduler.scheduler: Adding job tentatively -- it will be properly scheduled when the scheduler starts
2026-07-11 02:46:45,793 [INFO] src.engine.scheduler: Scheduled kabum for 12:00
2026-07-11 02:46:45,794 [INFO] apscheduler.scheduler: Adding job tentatively -- it will be properly scheduled when the scheduler starts
2026-07-11 02:46:45,795 [INFO] src.engine.scheduler: Scheduled kabum for 16:00
2026-07-11 02:46:45,796 [INFO] apscheduler.scheduler: Adding job tentatively -- it will be properly scheduled when the scheduler starts
2026-07-11 02:46:45,796 [INFO] src.engine.scheduler: Scheduled kabum for 20:00
2026-07-11 02:46:45,797 [INFO] apscheduler.scheduler: Adding job tentatively -- it will be properly scheduled when the scheduler starts
2026-07-11 02:46:45,798 [INFO] src.engine.scheduler: Scheduled terabyte for 08:00
2026-07-11 02:46:45,799 [INFO] apscheduler.scheduler: Adding job tentatively -- it will be properly scheduled when the scheduler starts
2026-07-11 02:46:45,800 [INFO] src.engine.scheduler: Scheduled terabyte for 12:00
2026-07-11 02:46:45,800 [INFO] apscheduler.scheduler: Adding job tentatively -- it will be properly scheduled when the scheduler starts
2026-07-11 02:46:45,801 [INFO] src.engine.scheduler: Scheduled terabyte for 16:00
2026-07-11 02:46:45,802 [INFO] apscheduler.scheduler: Adding job tentatively -- it will be properly scheduled when the scheduler starts
2026-07-11 02:46:45,803 [INFO] src.engine.scheduler: Scheduled terabyte for 20:00
2026-07-11 02:46:45,803 [WARNING] src.engine.scheduler: No scraper registered for store: pichau. Skipping schedule.
2026-07-11 02:46:45,804 [WARNING] src.engine.scheduler: No scraper registered for store: microgem. Skipping schedule.
2026-07-11 02:46:45,805 [WARNING] src.engine.scheduler: No scraper registered for store: magalu. Skipping schedule.
2026-07-11 02:46:45,805 [WARNING] src.engine.scheduler: No scraper registered for store: patoloco. Skipping schedule.
2026-07-11 02:46:45,806 [WARNING] src.engine.scheduler: No scraper registered for store: infostore. Skipping schedule.
2026-07-11 02:46:45,807 [WARNING] src.engine.scheduler: No scraper registered for store: gk-infostore. Skipping schedule.
2026-07-11 02:46:45,807 [WARNING] src.engine.scheduler: No scraper registered for store: vitrine-informatica. Skipping schedule.
2026-07-11 02:46:45,808 [WARNING] src.engine.scheduler: No scraper registered for store: alligator-shop. Skipping schedule.
2026-07-11 02:46:45,809 [WARNING] src.engine.scheduler: No scraper registered for store: gigantec. Skipping schedule.
2026-07-11 02:46:45,809 [WARNING] src.engine.scheduler: No scraper registered for store: bemol. Skipping schedule.
2026-07-11 02:46:45,810 [INFO] src.engine.scheduler: Starting PriceEngine scheduler...
2026-07-11 02:46:45,811 [INFO] apscheduler.scheduler: Added job "PriceEngine.run_scraper" to job store "default"
2026-07-11 02:46:45,812 [INFO] apscheduler.scheduler: Added job "PriceEngine.run_scraper" to job store "default"
2026-07-11 02:46:45,813 [INFO] apscheduler.scheduler: Added job "PriceEngine.run_scraper" to job store "default"
2026-07-11 02:46:45,813 [INFO] apscheduler.scheduler: Added job "PriceEngine.run_scraper" to job store "default"
2026-07-11 02:46:45,814 [INFO] apscheduler.scheduler: Added job "PriceEngine.run_scraper" to job store "default"
2026-07-11 02:46:45,815 [INFO] apscheduler.scheduler: Added job "PriceEngine.run_scraper" to job store "default"
2026-07-11 02:46:45,815 [INFO] apscheduler.scheduler: Added job "PriceEngine.run_scraper" to job store "default"
2026-07-11 02:46:45,816 [INFO] apscheduler.scheduler: Added job "PriceEngine.run_scraper" to job store "default"
2026-07-11 02:46:45,817 [INFO] apscheduler.scheduler: Added job "PriceEngine.run_scraper" to job store "default"
2026-07-11 02:46:45,818 [INFO] apscheduler.scheduler: Added job "PriceEngine.run_scraper" to job store "default"
2026-07-11 02:46:45,818 [INFO] apscheduler.scheduler: Added job "PriceEngine.run_scraper" to job store "default"
2026-07-11 02:46:45,819 [INFO] apscheduler.scheduler: Added job "PriceEngine.run_scraper" to job store "default"
2026-07-11 02:46:45,820 [INFO] apscheduler.scheduler: Scheduler started
2026-07-11 02:46:45,820 [INFO] __main__: Orchestrator cron schedule started.
2026-07-11 02:46:45,821 [INFO] __main__: Executing immediate startup routine (Discovery + Scrapers)...
2026-07-11 02:46:45,822 [INFO] src.engine.discovery: Starting Discovery Engine run (Static Mode)...
2026-07-11 02:46:45,826 [DEBUG] apscheduler.scheduler: Looking for jobs to run
2026-07-11 02:46:45,827 [DEBUG] aiosqlite: executing <function connect.<locals>.connector at 0x782a48ba2480>
2026-07-11 02:46:45,828 [DEBUG] apscheduler.scheduler: Next wakeup is due at 2026-07-11 08:00:00+00:00 (in 18794.171943 seconds)
2026-07-11 02:46:45,831 [DEBUG] aiosqlite: operation <function connect.<locals>.connector at 0x782a48ba2480> completed
2026-07-11 02:46:45,832 [DEBUG] aiosqlite: executing functools.partial(<built-in method executemany of sqlite3.Connection object at 0x782a48b26f20>, '\n            INSERT OR REPLACE INTO target_urls (\n                product_url, store_name, search_keyword, brand, model, product_title\n            ) VALUES (?, ?, ?, ?, ?, ?)\n        ', [('https://www.terabyteshop.com.br/produto/37277/placa-de-video-msi-nvidia-geforce-rtx-5070-ti-gaming-trio-oc-white-16gb-gddr7-dlss-ray-tracing', 'terabyte', 'rtx 5070 ti', 'MSI', 'Gaming Trio OC White', 'Placa de Video MSI NVIDIA GeForce RTX 5070 Ti Gaming Trio OC White 16GB GDDR7 DLSS Ray Tracing'), ('https://www.kabum.com.br/produto/875474/placa-de-video-msi-rtx-5070-12gb-gddr7-192-bits-shadow-2x-oc-912-v532-011', 'kabum', 'rtx 5070', 'MSI', 'Shadow 2X OC', 'Placa De Video Msi Rtx 5070 12gb Gddr7'), ('https://www.kabum.com.br/produto/725587/placa-de-video-msi-geforce-rtx-5070-12g-ventus-2x-oc-12-gb-gddr7-28gbps-nvidia-geforce-rtx-5070-g5070-12v2c', 'kabum', 'rtx 5070', 'MSI', 'Ventus 2X OC', 'Placa De Video Msi Geforce Rtx 5070 12g Ventus 2x Oc'), ('https://www.kabum.com.br/produto/857022/placa-de-video-nvidia-geforce-msi-rtx5070ti-16gb-gddr7-256its-shadow-3x-oc-912-v531-097', 'kabum', 'rtx 5070 ti', 'MSI', 'Shadow 3X OC', 'Placa De Video Nvidia Geforce Msi Rtx5070ti 16gb'), ('https://www.kabum.com.br/produto/996236/placa-de-video-gainward-rtx-5070-ti-phoenix-16gb-gddr7', 'kabum', 'rtx 5070 ti', 'Gainward', 'Phoenix', 'Placa De Video Gainward Rtx 5070 Ti Phoenix 16gb'), ('https://www.kabum.com.br/produto/725937/placa-de-video-xfx-swift-rx-9070-oc-triple-fan-gaming-edition-with-amd-radeon-16gb-gddr6-hdmi-3xdp-rdna-4-rx-97swfb3b9', 'kabum', 'rx 9070 oc', 'xfx', 'swift', 'Placa De Video Xfx Swift Rx 9070 Oc Triple Fan Gaming Edition'), ('https://www.kabum.com.br/produto/725947/placa-de-video-xfx-swift-rx-9070-xt-triple-fan-gaming-edition-with-amd-radeon-16gb-gddr6-hdmi-3xdp-rdna-4-rx-97tswf3b9', 'kabum', 'rx 9070 xt', 'xfx', 'swift', 'Placa de Video Xfx Swift Rx 9070 Oc Triple Fan Gaming Edition'), ('https://www.mercadolivre.com.br/placa-de-video-pny-nvidia-geforce-rtx-5070-oc-12gb-gddr7-dlss-ray-tracing-vcg507012tfxpb1-o/p/MLB53508354', 'mercado-livre', 'rtx 5070', 'PNY', 'rtx 5070', 'Placa De Video Pny Nvidia Geforce Rtx 5070 Oc'), ('https://www.mercadolivre.com.br/placa-de-video-zotac-rtx-5070ti-gaming-solid-sff-oc-16gb/p/MLB53264127', 'mercado-livre', 'rtx 5070 ti', 'Zotac', 'rtx 5070 ti', 'Placa De Video Zotac Rtx 5070ti Gaming Solid Sff Oc')])
2026-07-11 02:46:45,843 [DEBUG] aiosqlite: operation functools.partial(<built-in method executemany of sqlite3.Connection object at 0x782a48b26f20>, '\n            INSERT OR REPLACE INTO target_urls (\n                product_url, store_name, search_keyword, brand, model, product_title\n            ) VALUES (?, ?, ?, ?, ?, ?)\n        ', [('https://www.terabyteshop.com.br/produto/37277/placa-de-video-msi-nvidia-geforce-rtx-5070-ti-gaming-trio-oc-white-16gb-gddr7-dlss-ray-tracing', 'terabyte', 'rtx 5070 ti', 'MSI', 'Gaming Trio OC White', 'Placa de Video MSI NVIDIA GeForce RTX 5070 Ti Gaming Trio OC White 16GB GDDR7 DLSS Ray Tracing'), ('https://www.kabum.com.br/produto/875474/placa-de-video-msi-rtx-5070-12gb-gddr7-192-bits-shadow-2x-oc-912-v532-011', 'kabum', 'rtx 5070', 'MSI', 'Shadow 2X OC', 'Placa De Video Msi Rtx 5070 12gb Gddr7'), ('https://www.kabum.com.br/produto/725587/placa-de-video-msi-geforce-rtx-5070-12g-ventus-2x-oc-12-gb-gddr7-28gbps-nvidia-geforce-rtx-5070-g5070-12v2c', 'kabum', 'rtx 5070', 'MSI', 'Ventus 2X OC', 'Placa De Video Msi Geforce Rtx 5070 12g Ventus 2x Oc'), ('https://www.kabum.com.br/produto/857022/placa-de-video-nvidia-geforce-msi-rtx5070ti-16gb-gddr7-256its-shadow-3x-oc-912-v531-097', 'kabum', 'rtx 5070 ti', 'MSI', 'Shadow 3X OC', 'Placa De Video Nvidia Geforce Msi Rtx5070ti 16gb'), ('https://www.kabum.com.br/produto/996236/placa-de-video-gainward-rtx-5070-ti-phoenix-16gb-gddr7', 'kabum', 'rtx 5070 ti', 'Gainward', 'Phoenix', 'Placa De Video Gainward Rtx 5070 Ti Phoenix 16gb'), ('https://www.kabum.com.br/produto/725937/placa-de-video-xfx-swift-rx-9070-oc-triple-fan-gaming-edition-with-amd-radeon-16gb-gddr6-hdmi-3xdp-rdna-4-rx-97swfb3b9', 'kabum', 'rx 9070 oc', 'xfx', 'swift', 'Placa De Video Xfx Swift Rx 9070 Oc Triple Fan Gaming Edition'), ('https://www.kabum.com.br/produto/725947/placa-de-video-xfx-swift-rx-9070-xt-triple-fan-gaming-edition-with-amd-radeon-16gb-gddr6-hdmi-3xdp-rdna-4-rx-97tswf3b9', 'kabum', 'rx 9070 xt', 'xfx', 'swift', 'Placa de Video Xfx Swift Rx 9070 Oc Triple Fan Gaming Edition'), ('https://www.mercadolivre.com.br/placa-de-video-pny-nvidia-geforce-rtx-5070-oc-12gb-gddr7-dlss-ray-tracing-vcg507012tfxpb1-o/p/MLB53508354', 'mercado-livre', 'rtx 5070', 'PNY', 'rtx 5070', 'Placa De Video Pny Nvidia Geforce Rtx 5070 Oc'), ('https://www.mercadolivre.com.br/placa-de-video-zotac-rtx-5070ti-gaming-solid-sff-oc-16gb/p/MLB53264127', 'mercado-livre', 'rtx 5070 ti', 'Zotac', 'rtx 5070 ti', 'Placa De Video Zotac Rtx 5070ti Gaming Solid Sff Oc')]) completed
2026-07-11 02:46:45,844 [DEBUG] aiosqlite: executing functools.partial(<built-in method commit of sqlite3.Connection object at 0x782a48b26f20>)
2026-07-11 02:46:45,855 [DEBUG] aiosqlite: operation functools.partial(<built-in method commit of sqlite3.Connection object at 0x782a48b26f20>) completed
2026-07-11 02:46:45,855 [INFO] src.repositories.sqlite_repository: Saved 9 SKUs to the database.
2026-07-11 02:46:45,857 [DEBUG] aiosqlite: executing functools.partial(<built-in method close of sqlite3.Connection object at 0x782a48b26f20>)
2026-07-11 02:46:45,859 [DEBUG] aiosqlite: operation functools.partial(<built-in method close of sqlite3.Connection object at 0x782a48b26f20>) completed
2026-07-11 02:46:45,860 [DEBUG] aiosqlite: executing <function Connection.stop.<locals>.close_and_stop at 0x782a48ba2980>
2026-07-11 02:46:45,861 [DEBUG] aiosqlite: operation <function Connection.stop.<locals>.close_and_stop at 0x782a48ba2980> completed
2026-07-11 02:46:45,861 [INFO] src.engine.discovery: Saved 9 static SKUs from data/target_urls.json
2026-07-11 02:46:45,863 [INFO] src.engine.discovery: Discovery run complete.
2026-07-11 02:46:45,863 [INFO] __main__: Discovery complete. Running scrapers...
2026-07-11 02:46:45,864 [INFO] src.engine.scheduler: Starting execution for scraper: kabum
2026-07-11 02:46:45,865 [INFO] src.engine.scheduler: Starting execution for scraper: terabyte
2026-07-11 02:46:45,865 [DEBUG] aiosqlite: executing <function connect.<locals>.connector at 0x782a48ba28e0>
2026-07-11 02:46:45,867 [INFO] src.engine.scheduler: Starting execution for scraper: mercado-livre
2026-07-11 02:46:45,867 [DEBUG] aiosqlite: executing <function connect.<locals>.connector at 0x782a48ba2480>
2026-07-11 02:46:45,869 [DEBUG] aiosqlite: executing <function connect.<locals>.connector at 0x782a48ba1580>
2026-07-11 02:46:45,871 [DEBUG] aiosqlite: operation <function connect.<locals>.connector at 0x782a48ba28e0> completed
2026-07-11 02:46:45,872 [DEBUG] aiosqlite: operation <function connect.<locals>.connector at 0x782a48ba2480> completed
2026-07-11 02:46:45,872 [DEBUG] aiosqlite: operation <function connect.<locals>.connector at 0x782a48ba1580> completed
2026-07-11 02:46:45,872 [DEBUG] aiosqlite: executing functools.partial(<built-in method execute of sqlite3.Connection object at 0x782a48b273d0>, 'SELECT product_url, store_name, search_keyword, brand, model, product_title FROM target_urls WHERE store_name = ?', ('kabum',))
2026-07-11 02:46:45,873 [DEBUG] aiosqlite: executing functools.partial(<built-in method execute of sqlite3.Connection object at 0x782a48b27790>, 'SELECT product_url, store_name, search_keyword, brand, model, product_title FROM target_urls WHERE store_name = ?', ('terabyte',))
2026-07-11 02:46:45,874 [DEBUG] aiosqlite: executing functools.partial(<built-in method execute of sqlite3.Connection object at 0x782a48b27880>, 'SELECT product_url, store_name, search_keyword, brand, model, product_title FROM target_urls WHERE store_name = ?', ('mercado-livre',))
2026-07-11 02:46:45,878 [DEBUG] aiosqlite: operation functools.partial(<built-in method execute of sqlite3.Connection object at 0x782a48b273d0>, 'SELECT product_url, store_name, search_keyword, brand, model, product_title FROM target_urls WHERE store_name = ?', ('kabum',)) completed
2026-07-11 02:46:45,878 [DEBUG] aiosqlite: operation functools.partial(<built-in method execute of sqlite3.Connection object at 0x782a48b27880>, 'SELECT product_url, store_name, search_keyword, brand, model, product_title FROM target_urls WHERE store_name = ?', ('mercado-livre',)) completed
2026-07-11 02:46:45,879 [DEBUG] aiosqlite: operation functools.partial(<built-in method execute of sqlite3.Connection object at 0x782a48b27790>, 'SELECT product_url, store_name, search_keyword, brand, model, product_title FROM target_urls WHERE store_name = ?', ('terabyte',)) completed
2026-07-11 02:46:45,879 [DEBUG] aiosqlite: executing functools.partial(<built-in method fetchall of sqlite3.Cursor object at 0x782a48b8b240>)
2026-07-11 02:46:45,880 [DEBUG] aiosqlite: executing functools.partial(<built-in method fetchall of sqlite3.Cursor object at 0x782a48bb55c0>)
2026-07-11 02:46:45,881 [DEBUG] aiosqlite: executing functools.partial(<built-in method fetchall of sqlite3.Cursor object at 0x782a48bb51c0>)
2026-07-11 02:46:45,882 [DEBUG] aiosqlite: operation functools.partial(<built-in method fetchall of sqlite3.Cursor object at 0x782a48b8b240>) completed
2026-07-11 02:46:45,882 [DEBUG] aiosqlite: operation functools.partial(<built-in method fetchall of sqlite3.Cursor object at 0x782a48bb55c0>) completed
2026-07-11 02:46:45,883 [DEBUG] aiosqlite: operation functools.partial(<built-in method fetchall of sqlite3.Cursor object at 0x782a48bb51c0>) completed
2026-07-11 02:46:45,884 [DEBUG] aiosqlite: executing functools.partial(<built-in method close of sqlite3.Connection object at 0x782a48b273d0>)
2026-07-11 02:46:45,884 [DEBUG] aiosqlite: executing functools.partial(<built-in method close of sqlite3.Connection object at 0x782a48b27880>)
2026-07-11 02:46:45,885 [DEBUG] aiosqlite: executing functools.partial(<built-in method close of sqlite3.Connection object at 0x782a48b27790>)
2026-07-11 02:46:45,887 [DEBUG] aiosqlite: operation functools.partial(<built-in method close of sqlite3.Connection object at 0x782a48b273d0>) completed
2026-07-11 02:46:45,887 [DEBUG] aiosqlite: operation functools.partial(<built-in method close of sqlite3.Connection object at 0x782a48b27880>) completed
2026-07-11 02:46:45,888 [DEBUG] aiosqlite: executing <function Connection.stop.<locals>.close_and_stop at 0x782a4b627d80>
2026-07-11 02:46:45,889 [DEBUG] aiosqlite: operation functools.partial(<built-in method close of sqlite3.Connection object at 0x782a48b27790>) completed
2026-07-11 02:46:45,889 [DEBUG] aiosqlite: executing <function Connection.stop.<locals>.close_and_stop at 0x782a48ba2c00>
2026-07-11 02:46:45,890 [DEBUG] aiosqlite: operation <function Connection.stop.<locals>.close_and_stop at 0x782a4b627d80> completed
2026-07-11 02:46:45,891 [DEBUG] aiosqlite: executing <function Connection.stop.<locals>.close_and_stop at 0x782a48ba2b60>
2026-07-11 02:46:45,892 [DEBUG] aiosqlite: operation <function Connection.stop.<locals>.close_and_stop at 0x782a48ba2c00> completed
2026-07-11 02:46:45,895 [DEBUG] aiosqlite: operation <function Connection.stop.<locals>.close_and_stop at 0x782a48ba2b60> completed
2026-07-11 02:46:47,125 [INFO] src.engine.scheduler: Scraping https://www.kabum.com.br/produto/875474/placa-de-video-msi-rtx-5070-12gb-gddr7-192-bits-shadow-2x-oc-912-v532-011...
2026-07-11 02:46:47,132 [INFO] src.engine.scheduler: Scraping https://www.mercadolivre.com.br/placa-de-video-pny-nvidia-geforce-rtx-5070-oc-12gb-gddr7-dlss-ray-tracing-vcg507012tfxpb1-o/p/MLB53508354...
2026-07-11 02:46:47,133 [INFO] src.engine.scheduler: Scraping https://www.terabyteshop.com.br/produto/37277/placa-de-video-msi-nvidia-geforce-rtx-5070-ti-gaming-trio-oc-white-16gb-gddr7-dlss-ray-tracing...
2026-07-11 02:46:50,342 [INFO] src.core.base_scraper: Starting scraper 'terabyte' for sku 'https://www.terabyteshop.com.br/produto/37277/placa-de-video-msi-nvidia-geforce-rtx-5070-ti-gaming-trio-oc-white-16gb-gddr7-dlss-ray-tracing'
2026-07-11 02:46:50,842 [INFO] src.core.base_scraper: Starting scraper 'kabum' for sku 'https://www.kabum.com.br/produto/875474/placa-de-video-msi-rtx-5070-12gb-gddr7-192-bits-shadow-2x-oc-912-v532-011'
2026-07-11 02:46:51,483 [INFO] src.core.base_scraper: Starting scraper 'mercado-livre' for sku 'https://www.mercadolivre.com.br/placa-de-video-pny-nvidia-geforce-rtx-5070-oc-12gb-gddr7-dlss-ray-tracing-vcg507012tfxpb1-o/p/MLB53508354'
2026-07-11 02:46:52,193 [CRITICAL] src.engine.scheduler: SelectorOutdatedException caught for mercado-livre on SKU 'https://www.mercadolivre.com.br/placa-de-video-pny-nvidia-geforce-rtx-5070-oc-12gb-gddr7-dlss-ray-tracing-vcg507012tfxpb1-o/p/MLB53508354': [mercado-livre] Cash price selector '.ui-pdp-price__second-line .andes-money-amount__fraction' failed.
2026-07-11 02:46:52,194 [INFO] src.engine.scheduler: Scraping https://www.mercadolivre.com.br/placa-de-video-zotac-rtx-5070ti-gaming-solid-sff-oc-16gb/p/MLB53264127...
2026-07-11 02:46:53,243 [DEBUG] src.core.utils: Simulating human behavior (attempt 1)...
2026-07-11 02:46:56,476 [INFO] src.core.base_scraper: Starting scraper 'mercado-livre' for sku 'https://www.mercadolivre.com.br/placa-de-video-zotac-rtx-5070ti-gaming-solid-sff-oc-16gb/p/MLB53264127'
2026-07-11 02:46:58,028 [INFO] src.engine.scheduler: Extracted price for https://www.mercadolivre.com.br/placa-de-video-zotac-rtx-5070ti-gaming-solid-sff-oc-16gb/p/MLB53264127: 7274 (Available: True)
2026-07-11 02:46:58,029 [DEBUG] aiosqlite: executing <function connect.<locals>.connector at 0x782a48ba1080>
2026-07-11 02:46:58,035 [DEBUG] aiosqlite: operation <function connect.<locals>.connector at 0x782a48ba1080> completed
2026-07-11 02:46:58,036 [DEBUG] aiosqlite: executing functools.partial(<built-in method executemany of sqlite3.Connection object at 0x782a42798400>, '\n            INSERT INTO prices (\n                execution_id, store_name, search_keyword, product_title, product_url,\n                brand, model, price_cash, price_installments, installment_count, discount, currency, parser_version,\n                is_available, scraped_at\n            ) VALUES (?, ?, ?, ?, ?, ?, ?, ?, ?, ?, ?, ?, ?, ?, ?)\n        ', [('bb2fbc14-36de-49d8-8ea9-06b060062832', 'mercado-livre', 'rtx 5070 ti', 'Placa De Video Zotac Rtx 5070ti Gaming Solid Sff Oc, 16gb', 'https://www.mercadolivre.com.br/placa-de-video-zotac-rtx-5070ti-gaming-solid-sff-oc-16gb/p/MLB53264127', 'Zotac', 'rtx 5070 ti', 7274.0, 7999.0, 10, 725.0, 'BRL', 'mercado-livre_v2_html', True, '2026-07-11T02:46:58.028039+00:00')])
2026-07-11 02:46:58,050 [DEBUG] aiosqlite: operation functools.partial(<built-in method executemany of sqlite3.Connection object at 0x782a42798400>, '\n            INSERT INTO prices (\n                execution_id, store_name, search_keyword, product_title, product_url,\n                brand, model, price_cash, price_installments, installment_count, discount, currency, parser_version,\n                is_available, scraped_at\n            ) VALUES (?, ?, ?, ?, ?, ?, ?, ?, ?, ?, ?, ?, ?, ?, ?)\n        ', [('bb2fbc14-36de-49d8-8ea9-06b060062832', 'mercado-livre', 'rtx 5070 ti', 'Placa De Video Zotac Rtx 5070ti Gaming Solid Sff Oc, 16gb', 'https://www.mercadolivre.com.br/placa-de-video-zotac-rtx-5070ti-gaming-solid-sff-oc-16gb/p/MLB53264127', 'Zotac', 'rtx 5070 ti', 7274.0, 7999.0, 10, 725.0, 'BRL', 'mercado-livre_v2_html', True, '2026-07-11T02:46:58.028039+00:00')]) completed
2026-07-11 02:46:58,051 [DEBUG] aiosqlite: executing functools.partial(<built-in method commit of sqlite3.Connection object at 0x782a42798400>)
2026-07-11 02:46:58,062 [DEBUG] aiosqlite: operation functools.partial(<built-in method commit of sqlite3.Connection object at 0x782a42798400>) completed
2026-07-11 02:46:58,063 [DEBUG] aiosqlite: executing functools.partial(<built-in method close of sqlite3.Connection object at 0x782a42798400>)
2026-07-11 02:46:58,066 [DEBUG] aiosqlite: operation functools.partial(<built-in method close of sqlite3.Connection object at 0x782a42798400>) completed
2026-07-11 02:46:58,069 [DEBUG] aiosqlite: executing <function Connection.stop.<locals>.close_and_stop at 0x782a48ba3100>
2026-07-11 02:46:58,070 [DEBUG] aiosqlite: operation <function Connection.stop.<locals>.close_and_stop at 0x782a48ba3100> completed
2026-07-11 02:46:58,070 [INFO] src.repositories.sqlite_repository: Successfully saved 1 price records to SQLite.
2026-07-11 02:46:58,298 [INFO] src.engine.scheduler: Completed execution for scraper: mercado-livre
2026-07-11 02:46:59,996 [DEBUG] src.core.utils: Successfully bypassed protection. Title: GPU MSI RTX 5070 Ti Gaming Trio OC White 16GB | Terabyte
2026-07-11 02:47:00,124 [INFO] src.engine.scheduler: Extracted price for https://www.terabyteshop.com.br/produto/37277/placa-de-video-msi-nvidia-geforce-rtx-5070-ti-gaming-trio-oc-white-16gb-gddr7-dlss-ray-tracing: 0.00 (Available: False)
2026-07-11 02:47:00,126 [DEBUG] aiosqlite: executing <function connect.<locals>.connector at 0x782a426296c0>
2026-07-11 02:47:00,130 [DEBUG] aiosqlite: operation <function connect.<locals>.connector at 0x782a426296c0> completed
2026-07-11 02:47:00,131 [DEBUG] aiosqlite: executing functools.partial(<built-in method executemany of sqlite3.Connection object at 0x782a427985e0>, '\n            INSERT INTO prices (\n                execution_id, store_name, search_keyword, product_title, product_url,\n                brand, model, price_cash, price_installments, installment_count, discount, currency, parser_version,\n                is_available, scraped_at\n            ) VALUES (?, ?, ?, ?, ?, ?, ?, ?, ?, ?, ?, ?, ?, ?, ?)\n        ', [('5dca590d-0f57-49f0-a9e8-2e099a099cc9', 'terabyte', 'rtx 5070 ti', 'Placa de Vídeo MSI NVIDIA GeForce RTX 5070 Ti Gaming Trio OC White, 16GB, GDDR7, DLSS, Ray Tracing', 'https://www.terabyteshop.com.br/produto/37277/placa-de-video-msi-nvidia-geforce-rtx-5070-ti-gaming-trio-oc-white-16gb-gddr7-dlss-ray-tracing', 'MSI', 'Gaming Trio OC White', 0.0, None, None, None, 'BRL', 'terabyte_v1', False, '2026-07-11T02:47:00.124862+00:00')])
2026-07-11 02:47:00,143 [DEBUG] aiosqlite: operation functools.partial(<built-in method executemany of sqlite3.Connection object at 0x782a427985e0>, '\n            INSERT INTO prices (\n                execution_id, store_name, search_keyword, product_title, product_url,\n                brand, model, price_cash, price_installments, installment_count, discount, currency, parser_version,\n                is_available, scraped_at\n            ) VALUES (?, ?, ?, ?, ?, ?, ?, ?, ?, ?, ?, ?, ?, ?, ?)\n        ', [('5dca590d-0f57-49f0-a9e8-2e099a099cc9', 'terabyte', 'rtx 5070 ti', 'Placa de Vídeo MSI NVIDIA GeForce RTX 5070 Ti Gaming Trio OC White, 16GB, GDDR7, DLSS, Ray Tracing', 'https://www.terabyteshop.com.br/produto/37277/placa-de-video-msi-nvidia-geforce-rtx-5070-ti-gaming-trio-oc-white-16gb-gddr7-dlss-ray-tracing', 'MSI', 'Gaming Trio OC White', 0.0, None, None, None, 'BRL', 'terabyte_v1', False, '2026-07-11T02:47:00.124862+00:00')]) completed
2026-07-11 02:47:00,144 [DEBUG] aiosqlite: executing functools.partial(<built-in method commit of sqlite3.Connection object at 0x782a427985e0>)
2026-07-11 02:47:00,156 [DEBUG] aiosqlite: operation functools.partial(<built-in method commit of sqlite3.Connection object at 0x782a427985e0>) completed
2026-07-11 02:47:00,157 [DEBUG] aiosqlite: executing functools.partial(<built-in method close of sqlite3.Connection object at 0x782a427985e0>)
2026-07-11 02:47:00,159 [DEBUG] aiosqlite: operation functools.partial(<built-in method close of sqlite3.Connection object at 0x782a427985e0>) completed
2026-07-11 02:47:00,160 [DEBUG] aiosqlite: executing <function Connection.stop.<locals>.close_and_stop at 0x782a426b1120>
2026-07-11 02:47:00,161 [DEBUG] aiosqlite: operation <function Connection.stop.<locals>.close_and_stop at 0x782a426b1120> completed
2026-07-11 02:47:00,161 [INFO] src.repositories.sqlite_repository: Successfully saved 1 price records to SQLite.
2026-07-11 02:47:00,181 [INFO] src.engine.scheduler: Completed execution for scraper: terabyte
2026-07-11 02:47:18,288 [INFO] src.engine.scheduler: Extracted price for https://www.kabum.com.br/produto/875474/placa-de-video-msi-rtx-5070-12gb-gddr7-192-bits-shadow-2x-oc-912-v532-011: 5599.00 (Available: True)
2026-07-11 02:47:18,289 [DEBUG] aiosqlite: executing <function connect.<locals>.connector at 0x782a426280e0>
2026-07-11 02:47:18,292 [DEBUG] aiosqlite: operation <function connect.<locals>.connector at 0x782a426280e0> completed
2026-07-11 02:47:18,293 [DEBUG] aiosqlite: executing functools.partial(<built-in method executemany of sqlite3.Connection object at 0x782a4279ad40>, '\n            INSERT INTO prices (\n                execution_id, store_name, search_keyword, product_title, product_url,\n                brand, model, price_cash, price_installments, installment_count, discount, currency, parser_version,\n                is_available, scraped_at\n            ) VALUES (?, ?, ?, ?, ?, ?, ?, ?, ?, ?, ?, ?, ?, ?, ?)\n        ', [('d2397063-d755-4115-84ee-1ca924df69ff', 'kabum', 'rtx 5070', 'Gpu Msi RTX 5070 12g Shadow 2x Oc, Gddr7, 192-bits, 3x Dp / 1x HDMI - G5070-12s2c', 'https://www.kabum.com.br/produto/875474/placa-de-video-msi-rtx-5070-12gb-gddr7-192-bits-shadow-2x-oc-912-v532-011', 'MSI', 'Shadow 2X OC', 5599.0, 559.9, 10, -5039.1, 'BRL', 'kabum_v2', True, '2026-07-11T02:47:18.288471+00:00')])
2026-07-11 02:47:18,304 [DEBUG] aiosqlite: operation functools.partial(<built-in method executemany of sqlite3.Connection object at 0x782a4279ad40>, '\n            INSERT INTO prices (\n                execution_id, store_name, search_keyword, product_title, product_url,\n                brand, model, price_cash, price_installments, installment_count, discount, currency, parser_version,\n                is_available, scraped_at\n            ) VALUES (?, ?, ?, ?, ?, ?, ?, ?, ?, ?, ?, ?, ?, ?, ?)\n        ', [('d2397063-d755-4115-84ee-1ca924df69ff', 'kabum', 'rtx 5070', 'Gpu Msi RTX 5070 12g Shadow 2x Oc, Gddr7, 192-bits, 3x Dp / 1x HDMI - G5070-12s2c', 'https://www.kabum.com.br/produto/875474/placa-de-video-msi-rtx-5070-12gb-gddr7-192-bits-shadow-2x-oc-912-v532-011', 'MSI', 'Shadow 2X OC', 5599.0, 559.9, 10, -5039.1, 'BRL', 'kabum_v2', True, '2026-07-11T02:47:18.288471+00:00')]) completed
2026-07-11 02:47:18,305 [DEBUG] aiosqlite: executing functools.partial(<built-in method commit of sqlite3.Connection object at 0x782a4279ad40>)
2026-07-11 02:47:18,319 [DEBUG] aiosqlite: operation functools.partial(<built-in method commit of sqlite3.Connection object at 0x782a4279ad40>) completed
2026-07-11 02:47:18,320 [DEBUG] aiosqlite: executing functools.partial(<built-in method close of sqlite3.Connection object at 0x782a4279ad40>)
2026-07-11 02:47:18,322 [DEBUG] aiosqlite: operation functools.partial(<built-in method close of sqlite3.Connection object at 0x782a4279ad40>) completed
2026-07-11 02:47:18,323 [DEBUG] aiosqlite: executing <function Connection.stop.<locals>.close_and_stop at 0x782a426b3a60>
2026-07-11 02:47:18,324 [DEBUG] aiosqlite: operation <function Connection.stop.<locals>.close_and_stop at 0x782a426b3a60> completed
2026-07-11 02:47:18,324 [INFO] src.repositories.sqlite_repository: Successfully saved 1 price records to SQLite.
2026-07-11 02:47:18,326 [INFO] src.engine.scheduler: Scraping https://www.kabum.com.br/produto/725587/placa-de-video-msi-geforce-rtx-5070-12g-ventus-2x-oc-12-gb-gddr7-28gbps-nvidia-geforce-rtx-5070-g5070-12v2c...
2026-07-11 02:47:24,629 [INFO] src.core.base_scraper: Starting scraper 'kabum' for sku 'https://www.kabum.com.br/produto/725587/placa-de-video-msi-geforce-rtx-5070-12g-ventus-2x-oc-12-gb-gddr7-28gbps-nvidia-geforce-rtx-5070-g5070-12v2c'
2026-07-11 02:47:30,982 [INFO] src.engine.scheduler: Extracted price for https://www.kabum.com.br/produto/725587/placa-de-video-msi-geforce-rtx-5070-12g-ventus-2x-oc-12-gb-gddr7-28gbps-nvidia-geforce-rtx-5070-g5070-12v2c: 6000.00 (Available: True)
2026-07-11 02:47:30,983 [DEBUG] aiosqlite: executing <function connect.<locals>.connector at 0x782a418d2520>
2026-07-11 02:47:30,987 [DEBUG] aiosqlite: operation <function connect.<locals>.connector at 0x782a418d2520> completed
2026-07-11 02:47:30,987 [DEBUG] aiosqlite: executing functools.partial(<built-in method executemany of sqlite3.Connection object at 0x782a4279b6a0>, '\n            INSERT INTO prices (\n                execution_id, store_name, search_keyword, product_title, product_url,\n                brand, model, price_cash, price_installments, installment_count, discount, currency, parser_version,\n                is_available, scraped_at\n            ) VALUES (?, ?, ?, ?, ?, ?, ?, ?, ?, ?, ?, ?, ?, ?, ?)\n        ', [('061728eb-c949-49d8-92db-6fc6b7ca2293', 'kabum', 'rtx 5070', 'Placa de Vídeo MSI GeForce RTX 5070 12G VENTUS 2X OC,12 GB GDDR7, 28Gbps, NVIDIA GeForce RTX 5070- G5070-12V2C', 'https://www.kabum.com.br/produto/725587/placa-de-video-msi-geforce-rtx-5070-12g-ventus-2x-oc-12-gb-gddr7-28gbps-nvidia-geforce-rtx-5070-g5070-12v2c', 'MSI', 'Ventus 2X OC', 6000.0, 7058.82, 10, 1058.82, 'BRL', 'kabum_v2', True, '2026-07-11T02:47:30.982125+00:00')])
2026-07-11 02:47:31,000 [DEBUG] aiosqlite: operation functools.partial(<built-in method executemany of sqlite3.Connection object at 0x782a4279b6a0>, '\n            INSERT INTO prices (\n                execution_id, store_name, search_keyword, product_title, product_url,\n                brand, model, price_cash, price_installments, installment_count, discount, currency, parser_version,\n                is_available, scraped_at\n            ) VALUES (?, ?, ?, ?, ?, ?, ?, ?, ?, ?, ?, ?, ?, ?, ?)\n        ', [('061728eb-c949-49d8-92db-6fc6b7ca2293', 'kabum', 'rtx 5070', 'Placa de Vídeo MSI GeForce RTX 5070 12G VENTUS 2X OC,12 GB GDDR7, 28Gbps, NVIDIA GeForce RTX 5070- G5070-12V2C', 'https://www.kabum.com.br/produto/725587/placa-de-video-msi-geforce-rtx-5070-12g-ventus-2x-oc-12-gb-gddr7-28gbps-nvidia-geforce-rtx-5070-g5070-12v2c', 'MSI', 'Ventus 2X OC', 6000.0, 7058.82, 10, 1058.82, 'BRL', 'kabum_v2', True, '2026-07-11T02:47:30.982125+00:00')]) completed
2026-07-11 02:47:31,000 [DEBUG] aiosqlite: executing functools.partial(<built-in method commit of sqlite3.Connection object at 0x782a4279b6a0>)
2026-07-11 02:47:31,012 [DEBUG] aiosqlite: operation functools.partial(<built-in method commit of sqlite3.Connection object at 0x782a4279b6a0>) completed
2026-07-11 02:47:31,013 [DEBUG] aiosqlite: executing functools.partial(<built-in method close of sqlite3.Connection object at 0x782a4279b6a0>)
2026-07-11 02:47:31,015 [DEBUG] aiosqlite: operation functools.partial(<built-in method close of sqlite3.Connection object at 0x782a4279b6a0>) completed
2026-07-11 02:47:31,016 [DEBUG] aiosqlite: executing <function Connection.stop.<locals>.close_and_stop at 0x782a418d3380>
2026-07-11 02:47:31,016 [DEBUG] aiosqlite: operation <function Connection.stop.<locals>.close_and_stop at 0x782a418d3380> completed
2026-07-11 02:47:31,017 [INFO] src.repositories.sqlite_repository: Successfully saved 1 price records to SQLite.
2026-07-11 02:47:31,018 [INFO] src.engine.scheduler: Scraping https://www.kabum.com.br/produto/857022/placa-de-video-nvidia-geforce-msi-rtx5070ti-16gb-gddr7-256its-shadow-3x-oc-912-v531-097...
2026-07-11 02:47:34,917 [INFO] src.core.base_scraper: Starting scraper 'kabum' for sku 'https://www.kabum.com.br/produto/857022/placa-de-video-nvidia-geforce-msi-rtx5070ti-16gb-gddr7-256its-shadow-3x-oc-912-v531-097'
2026-07-11 02:47:41,578 [INFO] src.engine.scheduler: Extracted price for https://www.kabum.com.br/produto/857022/placa-de-video-nvidia-geforce-msi-rtx5070ti-16gb-gddr7-256its-shadow-3x-oc-912-v531-097: 8169.90 (Available: True)
2026-07-11 02:47:41,579 [DEBUG] aiosqlite: executing <function connect.<locals>.connector at 0x782a41735c60>
2026-07-11 02:47:41,583 [DEBUG] aiosqlite: operation <function connect.<locals>.connector at 0x782a41735c60> completed
2026-07-11 02:47:41,583 [DEBUG] aiosqlite: executing functools.partial(<built-in method executemany of sqlite3.Connection object at 0x782a427984f0>, '\n            INSERT INTO prices (\n                execution_id, store_name, search_keyword, product_title, product_url,\n                brand, model, price_cash, price_installments, installment_count, discount, currency, parser_version,\n                is_available, scraped_at\n            ) VALUES (?, ?, ?, ?, ?, ?, ?, ?, ?, ?, ?, ?, ?, ?, ?)\n        ', [('3cf78205-873e-4dbb-9b9e-2af10731c949', 'kabum', 'rtx 5070 ti', 'Placa De Vídeo Nvidia Geforce Msi RTX5070ti 16gb Gddr7 256its Shadow 3x Oc 912-v531-097', 'https://www.kabum.com.br/produto/857022/placa-de-video-nvidia-geforce-msi-rtx5070ti-16gb-gddr7-256its-shadow-3x-oc-912-v531-097', 'MSI', 'Shadow 3X OC', 8169.9, 8599.9, 10, 430.0, 'BRL', 'kabum_v2', True, '2026-07-11T02:47:41.578272+00:00')])
2026-07-11 02:47:41,594 [DEBUG] aiosqlite: operation functools.partial(<built-in method executemany of sqlite3.Connection object at 0x782a427984f0>, '\n            INSERT INTO prices (\n                execution_id, store_name, search_keyword, product_title, product_url,\n                brand, model, price_cash, price_installments, installment_count, discount, currency, parser_version,\n                is_available, scraped_at\n            ) VALUES (?, ?, ?, ?, ?, ?, ?, ?, ?, ?, ?, ?, ?, ?, ?)\n        ', [('3cf78205-873e-4dbb-9b9e-2af10731c949', 'kabum', 'rtx 5070 ti', 'Placa De Vídeo Nvidia Geforce Msi RTX5070ti 16gb Gddr7 256its Shadow 3x Oc 912-v531-097', 'https://www.kabum.com.br/produto/857022/placa-de-video-nvidia-geforce-msi-rtx5070ti-16gb-gddr7-256its-shadow-3x-oc-912-v531-097', 'MSI', 'Shadow 3X OC', 8169.9, 8599.9, 10, 430.0, 'BRL', 'kabum_v2', True, '2026-07-11T02:47:41.578272+00:00')]) completed
2026-07-11 02:47:41,595 [DEBUG] aiosqlite: executing functools.partial(<built-in method commit of sqlite3.Connection object at 0x782a427984f0>)
2026-07-11 02:47:41,607 [DEBUG] aiosqlite: operation functools.partial(<built-in method commit of sqlite3.Connection object at 0x782a427984f0>) completed
2026-07-11 02:47:41,608 [DEBUG] aiosqlite: executing functools.partial(<built-in method close of sqlite3.Connection object at 0x782a427984f0>)
2026-07-11 02:47:41,610 [DEBUG] aiosqlite: operation functools.partial(<built-in method close of sqlite3.Connection object at 0x782a427984f0>) completed
2026-07-11 02:47:41,611 [DEBUG] aiosqlite: executing <function Connection.stop.<locals>.close_and_stop at 0x782a41735e40>
2026-07-11 02:47:41,611 [DEBUG] aiosqlite: operation <function Connection.stop.<locals>.close_and_stop at 0x782a41735e40> completed
2026-07-11 02:47:41,612 [INFO] src.repositories.sqlite_repository: Successfully saved 1 price records to SQLite.
2026-07-11 02:47:41,613 [INFO] src.engine.scheduler: Scraping https://www.kabum.com.br/produto/996236/placa-de-video-gainward-rtx-5070-ti-phoenix-16gb-gddr7...
2026-07-11 02:47:47,407 [INFO] src.core.base_scraper: Starting scraper 'kabum' for sku 'https://www.kabum.com.br/produto/996236/placa-de-video-gainward-rtx-5070-ti-phoenix-16gb-gddr7'
2026-07-11 02:47:52,837 [INFO] src.engine.scheduler: Extracted price for https://www.kabum.com.br/produto/996236/placa-de-video-gainward-rtx-5070-ti-phoenix-16gb-gddr7: 7954.69 (Available: True)
2026-07-11 02:47:52,838 [DEBUG] aiosqlite: executing <function connect.<locals>.connector at 0x782a411b7ba0>
2026-07-11 02:47:52,841 [DEBUG] aiosqlite: operation <function connect.<locals>.connector at 0x782a411b7ba0> completed
2026-07-11 02:47:52,841 [DEBUG] aiosqlite: executing functools.partial(<built-in method executemany of sqlite3.Connection object at 0x782a4279b010>, '\n            INSERT INTO prices (\n                execution_id, store_name, search_keyword, product_title, product_url,\n                brand, model, price_cash, price_installments, installment_count, discount, currency, parser_version,\n                is_available, scraped_at\n            ) VALUES (?, ?, ?, ?, ?, ?, ?, ?, ?, ?, ?, ?, ?, ?, ?)\n        ', [('72499a8c-4738-42c1-9d1a-01031af7f826', 'kabum', 'rtx 5070 ti', 'Placa De Vídeo RTX 5070 Ti Gainward Phoenix-s 16gb', 'https://www.kabum.com.br/produto/996236/placa-de-video-gainward-rtx-5070-ti-phoenix-16gb-gddr7', 'Gainward', 'Phoenix', 7954.69, 8838.55, 10, 883.86, 'BRL', 'kabum_v2', True, '2026-07-11T02:47:52.837275+00:00')])
2026-07-11 02:47:52,853 [DEBUG] aiosqlite: operation functools.partial(<built-in method executemany of sqlite3.Connection object at 0x782a4279b010>, '\n            INSERT INTO prices (\n                execution_id, store_name, search_keyword, product_title, product_url,\n                brand, model, price_cash, price_installments, installment_count, discount, currency, parser_version,\n                is_available, scraped_at\n            ) VALUES (?, ?, ?, ?, ?, ?, ?, ?, ?, ?, ?, ?, ?, ?, ?)\n        ', [('72499a8c-4738-42c1-9d1a-01031af7f826', 'kabum', 'rtx 5070 ti', 'Placa De Vídeo RTX 5070 Ti Gainward Phoenix-s 16gb', 'https://www.kabum.com.br/produto/996236/placa-de-video-gainward-rtx-5070-ti-phoenix-16gb-gddr7', 'Gainward', 'Phoenix', 7954.69, 8838.55, 10, 883.86, 'BRL', 'kabum_v2', True, '2026-07-11T02:47:52.837275+00:00')]) completed
2026-07-11 02:47:52,854 [DEBUG] aiosqlite: executing functools.partial(<built-in method commit of sqlite3.Connection object at 0x782a4279b010>)
2026-07-11 02:47:52,866 [DEBUG] aiosqlite: operation functools.partial(<built-in method commit of sqlite3.Connection object at 0x782a4279b010>) completed
2026-07-11 02:47:52,867 [DEBUG] aiosqlite: executing functools.partial(<built-in method close of sqlite3.Connection object at 0x782a4279b010>)
2026-07-11 02:47:52,869 [DEBUG] aiosqlite: operation functools.partial(<built-in method close of sqlite3.Connection object at 0x782a4279b010>) completed
2026-07-11 02:47:52,870 [DEBUG] aiosqlite: executing <function Connection.stop.<locals>.close_and_stop at 0x782a411b7a60>
2026-07-11 02:47:52,870 [DEBUG] aiosqlite: operation <function Connection.stop.<locals>.close_and_stop at 0x782a411b7a60> completed
2026-07-11 02:47:52,870 [INFO] src.repositories.sqlite_repository: Successfully saved 1 price records to SQLite.
2026-07-11 02:47:52,872 [INFO] src.engine.scheduler: Scraping https://www.kabum.com.br/produto/725937/placa-de-video-xfx-swift-rx-9070-oc-triple-fan-gaming-edition-with-amd-radeon-16gb-gddr6-hdmi-3xdp-rdna-4-rx-97swfb3b9...
2026-07-11 02:48:00,022 [INFO] src.core.base_scraper: Starting scraper 'kabum' for sku 'https://www.kabum.com.br/produto/725937/placa-de-video-xfx-swift-rx-9070-oc-triple-fan-gaming-edition-with-amd-radeon-16gb-gddr6-hdmi-3xdp-rdna-4-rx-97swfb3b9'
2026-07-11 02:48:05,689 [INFO] src.engine.scheduler: Extracted price for https://www.kabum.com.br/produto/725937/placa-de-video-xfx-swift-rx-9070-oc-triple-fan-gaming-edition-with-amd-radeon-16gb-gddr6-hdmi-3xdp-rdna-4-rx-97swfb3b9: 3699.99 (Available: True)
2026-07-11 02:48:05,691 [DEBUG] aiosqlite: executing <function connect.<locals>.connector at 0x782a41532660>
2026-07-11 02:48:05,695 [DEBUG] aiosqlite: operation <function connect.<locals>.connector at 0x782a41532660> completed
2026-07-11 02:48:05,696 [DEBUG] aiosqlite: executing functools.partial(<built-in method executemany of sqlite3.Connection object at 0x782a41679f30>, '\n            INSERT INTO prices (\n                execution_id, store_name, search_keyword, product_title, product_url,\n                brand, model, price_cash, price_installments, installment_count, discount, currency, parser_version,\n                is_available, scraped_at\n            ) VALUES (?, ?, ?, ?, ?, ?, ?, ?, ?, ?, ?, ?, ?, ?, ?)\n        ', [('9b58e4b3-a7ec-4668-bee5-7822ffdc739c', 'kabum', 'rx 9070 oc', 'Placa de Vídeo XFX Swift RX 9070 OC TRIPLE FAN GAMING EDITION WITH AMD Radeon , 16GB, GDDR6, HDMI 3xDP, RDNA 4 - RX-97SWFB3B9', 'https://www.kabum.com.br/produto/725937/placa-de-video-xfx-swift-rx-9070-oc-triple-fan-gaming-edition-with-amd-radeon-16gb-gddr6-hdmi-3xdp-rdna-4-rx-97swfb3b9', 'xfx', 'swift', 3699.99, 4352.93, 10, 652.94, 'BRL', 'kabum_v2', True, '2026-07-11T02:48:05.689849+00:00')])
2026-07-11 02:48:05,710 [DEBUG] aiosqlite: operation functools.partial(<built-in method executemany of sqlite3.Connection object at 0x782a41679f30>, '\n            INSERT INTO prices (\n                execution_id, store_name, search_keyword, product_title, product_url,\n                brand, model, price_cash, price_installments, installment_count, discount, currency, parser_version,\n                is_available, scraped_at\n            ) VALUES (?, ?, ?, ?, ?, ?, ?, ?, ?, ?, ?, ?, ?, ?, ?)\n        ', [('9b58e4b3-a7ec-4668-bee5-7822ffdc739c', 'kabum', 'rx 9070 oc', 'Placa de Vídeo XFX Swift RX 9070 OC TRIPLE FAN GAMING EDITION WITH AMD Radeon , 16GB, GDDR6, HDMI 3xDP, RDNA 4 - RX-97SWFB3B9', 'https://www.kabum.com.br/produto/725937/placa-de-video-xfx-swift-rx-9070-oc-triple-fan-gaming-edition-with-amd-radeon-16gb-gddr6-hdmi-3xdp-rdna-4-rx-97swfb3b9', 'xfx', 'swift', 3699.99, 4352.93, 10, 652.94, 'BRL', 'kabum_v2', True, '2026-07-11T02:48:05.689849+00:00')]) completed
2026-07-11 02:48:05,711 [DEBUG] aiosqlite: executing functools.partial(<built-in method commit of sqlite3.Connection object at 0x782a41679f30>)
2026-07-11 02:48:05,723 [DEBUG] aiosqlite: operation functools.partial(<built-in method commit of sqlite3.Connection object at 0x782a41679f30>) completed
2026-07-11 02:48:05,724 [DEBUG] aiosqlite: executing functools.partial(<built-in method close of sqlite3.Connection object at 0x782a41679f30>)
2026-07-11 02:48:05,726 [DEBUG] aiosqlite: operation functools.partial(<built-in method close of sqlite3.Connection object at 0x782a41679f30>) completed
2026-07-11 02:48:05,727 [DEBUG] aiosqlite: executing <function Connection.stop.<locals>.close_and_stop at 0x782a41533240>
2026-07-11 02:48:05,728 [DEBUG] aiosqlite: operation <function Connection.stop.<locals>.close_and_stop at 0x782a41533240> completed
2026-07-11 02:48:05,728 [INFO] src.repositories.sqlite_repository: Successfully saved 1 price records to SQLite.
2026-07-11 02:48:05,729 [INFO] src.engine.scheduler: Scraping https://www.kabum.com.br/produto/725947/placa-de-video-xfx-swift-rx-9070-xt-triple-fan-gaming-edition-with-amd-radeon-16gb-gddr6-hdmi-3xdp-rdna-4-rx-97tswf3b9...
2026-07-11 02:48:10,649 [INFO] src.core.base_scraper: Starting scraper 'kabum' for sku 'https://www.kabum.com.br/produto/725947/placa-de-video-xfx-swift-rx-9070-xt-triple-fan-gaming-edition-with-amd-radeon-16gb-gddr6-hdmi-3xdp-rdna-4-rx-97tswf3b9'
2026-07-11 02:48:16,536 [INFO] src.engine.scheduler: Extracted price for https://www.kabum.com.br/produto/725947/placa-de-video-xfx-swift-rx-9070-xt-triple-fan-gaming-edition-with-amd-radeon-16gb-gddr6-hdmi-3xdp-rdna-4-rx-97tswf3b9: 3999.00 (Available: True)
2026-07-11 02:48:16,537 [DEBUG] aiosqlite: executing <function connect.<locals>.connector at 0x782a41734fe0>
2026-07-11 02:48:16,541 [DEBUG] aiosqlite: operation <function connect.<locals>.connector at 0x782a41734fe0> completed
2026-07-11 02:48:16,541 [DEBUG] aiosqlite: executing functools.partial(<built-in method executemany of sqlite3.Connection object at 0x782a416787c0>, '\n            INSERT INTO prices (\n                execution_id, store_name, search_keyword, product_title, product_url,\n                brand, model, price_cash, price_installments, installment_count, discount, currency, parser_version,\n                is_available, scraped_at\n            ) VALUES (?, ?, ?, ?, ?, ?, ?, ?, ?, ?, ?, ?, ?, ?, ?)\n        ', [('4a393ece-9037-4463-84dd-77a9750dfe36', 'kabum', 'rx 9070 xt', 'Placa de Vídeo XFX Swift RX 9070 XT TRIPLE FAN GAMING EDITION WITH AMD Radeon, 16GB, GDDR6, HDMI 3xDP, RDNA 4 - RX-97TSWF3B9', 'https://www.kabum.com.br/produto/725947/placa-de-video-xfx-swift-rx-9070-xt-triple-fan-gaming-edition-with-amd-radeon-16gb-gddr6-hdmi-3xdp-rdna-4-rx-97tswf3b9', 'xfx', 'swift', 3999.0, 4704.71, 10, 705.71, 'BRL', 'kabum_v2', True, '2026-07-11T02:48:16.536665+00:00')])
2026-07-11 02:48:16,553 [DEBUG] aiosqlite: operation functools.partial(<built-in method executemany of sqlite3.Connection object at 0x782a416787c0>, '\n            INSERT INTO prices (\n                execution_id, store_name, search_keyword, product_title, product_url,\n                brand, model, price_cash, price_installments, installment_count, discount, currency, parser_version,\n                is_available, scraped_at\n            ) VALUES (?, ?, ?, ?, ?, ?, ?, ?, ?, ?, ?, ?, ?, ?, ?)\n        ', [('4a393ece-9037-4463-84dd-77a9750dfe36', 'kabum', 'rx 9070 xt', 'Placa de Vídeo XFX Swift RX 9070 XT TRIPLE FAN GAMING EDITION WITH AMD Radeon, 16GB, GDDR6, HDMI 3xDP, RDNA 4 - RX-97TSWF3B9', 'https://www.kabum.com.br/produto/725947/placa-de-video-xfx-swift-rx-9070-xt-triple-fan-gaming-edition-with-amd-radeon-16gb-gddr6-hdmi-3xdp-rdna-4-rx-97tswf3b9', 'xfx', 'swift', 3999.0, 4704.71, 10, 705.71, 'BRL', 'kabum_v2', True, '2026-07-11T02:48:16.536665+00:00')]) completed
2026-07-11 02:48:16,554 [DEBUG] aiosqlite: executing functools.partial(<built-in method commit of sqlite3.Connection object at 0x782a416787c0>)
2026-07-11 02:48:16,565 [DEBUG] aiosqlite: operation functools.partial(<built-in method commit of sqlite3.Connection object at 0x782a416787c0>) completed
2026-07-11 02:48:16,565 [DEBUG] aiosqlite: executing functools.partial(<built-in method close of sqlite3.Connection object at 0x782a416787c0>)
2026-07-11 02:48:16,568 [DEBUG] aiosqlite: operation functools.partial(<built-in method close of sqlite3.Connection object at 0x782a416787c0>) completed
2026-07-11 02:48:16,568 [DEBUG] aiosqlite: executing <function Connection.stop.<locals>.close_and_stop at 0x782a41567f60>
2026-07-11 02:48:16,569 [DEBUG] aiosqlite: operation <function Connection.stop.<locals>.close_and_stop at 0x782a41567f60> completed
2026-07-11 02:48:16,570 [INFO] src.repositories.sqlite_repository: Successfully saved 1 price records to SQLite.
2026-07-11 02:48:16,598 [INFO] src.engine.scheduler: Completed execution for scraper: kabum
2026-07-11 02:48:16,599 [INFO] __main__: Startup routine complete. Initial data populated.
2026-07-11 02:48:16,600 [INFO] __main__: Orchestrator running. Press Ctrl+C to exit.
